commit 274a9df6fb4afd085291022d1a1c0dc043902131
Merge: e595e24 9f1814b
Author: 04rahi13 <231205191@ccmailg.meijo-u.ac.jp>
Date:   Mon May 6 15:59:13 2024 +0900

    Merge branch 'main' of https://github.com/04rahi13/20240506

commit e595e2444699e4b280196a99447e9961a8af2cba
Author: 04rahi13 <231205191@ccmailg.meijo-u.ac.jp>
Date:   Mon May 6 15:54:18 2024 +0900

    変更

commit 9f1814b24b3e8a45481f5a10903915798d875906
Author: 04rahi13 <147134049+04rahi13@users.noreply.github.com>
Date:   Mon May 6 15:52:28 2024 +0900

    Update tetris.js

commit 8cd671e5e8d3571745e5599a386e59f879f143bb
Author: 04rahi13 <231205191@ccmailg.meijo-u.ac.jp>
Date:   Mon May 6 15:44:26 2024 +0900

    Update tetris.js

commit a0856b921d1af7724a16c15d985d0cf11973d769
Author: 04rahi13 <231205191@ccmailg.meijo-u.ac.jp>
Date:   Mon May 6 15:40:03 2024 +0900

    Update tetris.js

commit 5711927e3dfa85b2fa29d7e75bcca4287f341076
Author: 04rahi13 <231205191@ccmailg.meijo-u.ac.jp>
Date:   Mon May 6 15:17:46 2024 +0900

    import
